Exporting package to 'M:\AS\Entrecine3\doc\AplicacionEscritorio.xml'
Retrieving data for export: diagram elements
Retrieving data for export: links
Retrieving data for export: constraints
Retrieving data for export: attribute tagged values
Retrieving data for export: operation tagged values
Retrieving data for export: operation parameter tagged values
Retrieving data for export: connector tagged values
Completed data retrieval
Pre-processing export tree...
Completed pre-processing
Processing package: Components
Element:0: SGBD
Element:1: Recuperar datos
Element:2: Consultar
Element:3: Part1
Element:4: Compra
Element:5: Eliminar sala
Element:6: RequiredInterface
Element:7: Gestión de venta
Element:8: Actualizar
Element:9: Cartelera
Element:10: Actualizar sala
Element:11: Component2
Element:12: Recuperar datos
Element:13: Eliminar sala
Element:14: Component1
Element:15: Consultar
Element:16: Recuperar datos
Element:17: ProvidedInterface1
Element:18: Actualizar precios
Element:19: Recuperar datos
Element:20: Actualizar
Element:21: Actualizar sala
Element:22: Gestión física del cine
Element:23: Añadir sala
Element:24: Interfaz de escritorio
Element:25: Compra
Element:26: Añadir sala
Element:27: Actualizar precios
Diagram: Components
Adding State-Tables
Formatting output XML...please wait
XMI Document Export Complete!
