Exporting package to 'M:\AS\Entrecine3\doc\AplicacionWeb.xml'
Retrieving data for export: diagram elements
Retrieving data for export: links
Retrieving data for export: constraints
Retrieving data for export: attribute tagged values
Retrieving data for export: operation tagged values
Retrieving data for export: operation parameter tagged values
Retrieving data for export: connector tagged values
Completed data retrieval
Pre-processing export tree...
Completed pre-processing
Processing package: Components
Element:0: Gestion de ventas
Element:1: Interfaz de escritorio
Element:2: Recuperar datos
Element:3: Recuperar datos
Element:4: Registrar
Element:5: Registro
Element:6: Comprar
Element:7: Comprar
Element:8: Consultar
Element:9: Autentificación
Element:10: Recuperar datos
Element:11: Recuperar datos
Element:12: Interface2
Element:13: Cartelera
Element:14: Loggin
Element:15: Database
Element:16: Consultar
Element:17: Loggin
Element:18: Loggout
Element:19: SGBD
Element:20: Recuperar datos
Element:21: Interfaz web
Element:22: Registrar
Element:23: Loggout
Element:24: Interface1
Diagram: Components
Adding State-Tables
Formatting output XML...please wait
XMI Document Export Complete!
