Exporting package to 'M:\AS\Entrecine3\doc\Configuracion.xml'
Retrieving data for export: diagram elements
Retrieving data for export: links
Retrieving data for export: constraints
Retrieving data for export: attribute tagged values
Retrieving data for export: operation tagged values
Retrieving data for export: operation parameter tagged values
Retrieving data for export: connector tagged values
Completed data retrieval
Pre-processing export tree...
Completed pre-processing
Processing package: Configuración
Element:0: enviarOpcionConfiguracion
Element:1: aceptarCambio
Element:2: Subsistema de configuración
Element:3: Interfaz de configuración
Diagram: Vista de onfiguración
Adding State-Tables
Formatting output XML...please wait
XMI Document Export Complete!
